Removed Pin From Net: NetName=VCC_5V Pin=D2-1
Removed Pin From Net: NetName=VCC_USB Pin=D2-2
Removed Pin From Net: NetName=_USB_DM Pin=R3-1
Removed Pin From Net: NetName=USB_DM Pin=R3-2
Removed Pin From Net: NetName=_USB_DP Pin=R4-1
Removed Pin From Net: NetName=USB_DP Pin=R4-2
Removed Pin From Net: NetName=GND Pin=USBC2-A1
Removed Pin From Net: NetName=VCC_USB Pin=USBC2-A4
Removed Pin From Net: NetName=_USB_DP Pin=USBC2-A6
Removed Pin From Net: NetName=_USB_DM Pin=USBC2-A7
Removed Pin From Net: NetName=VCC_USB Pin=USBC2-A9
Removed Pin From Net: NetName=GND Pin=USBC2-A12
Removed Pin From Net: NetName=GND Pin=USBC2-B1
Removed Pin From Net: NetName=VCC_USB Pin=USBC2-B4
Removed Pin From Net: NetName=_USB_DP Pin=USBC2-B6
Removed Pin From Net: NetName=_USB_DM Pin=USBC2-B7
Removed Pin From Net: NetName=VCC_USB Pin=USBC2-B9
Removed Pin From Net: NetName=GND Pin=USBC2-B12
Removed Member From Class: ClassName=main Member=D2
Removed Member From Class: ClassName=main Member=R3
Removed Member From Class: ClassName=main Member=R4
Removed Member From Class: ClassName=main Member=USBC2
