Added Pin To Net: NetName=USB_DM Pin=U1-44
Added Pin To Net: NetName=USB_DP Pin=U1-45
Added Pin To Net: NetName=SWDIO Pin=U1-46
Added Pin To Net: NetName=SWCLK Pin=U1-49
Added Pin To Net: NetName=PC4 Pin=U1-24
Added Pin To Net: NetName=PC4 Pin=U5-36
Added Net: Name=PC4
Added Pin To Net: NetName=PC5 Pin=U1-25
Added Pin To Net: NetName=PC5 Pin=U5-37
Added Net: Name=PC5
Added Pin To Net: NetName=SPI1_CS Pin=U1-20
Added Pin To Net: NetName=SPI1_CS Pin=U5-32
Added Net: Name=SPI1_CS
Added Pin To Net: NetName=SPI1_MISO Pin=U1-22
Added Pin To Net: NetName=SPI1_MISO Pin=U5-34
Added Net: Name=SPI1_MISO
Added Pin To Net: NetName=SPI1_MOSI Pin=U1-23
Added Pin To Net: NetName=SPI1_MOSI Pin=U5-35
Added Net: Name=SPI1_MOSI
Added Pin To Net: NetName=SPI1_SCK Pin=U1-21
Added Pin To Net: NetName=SPI1_SCK Pin=U5-33
Added Net: Name=SPI1_SCK
